<?xml version="1.0" encoding="UTF-8"?>
<!-- Generated by org.testng.reporters.JUnitXMLReporter -->
<testsuite ignored="0" hostname="LAPTOP-EDS2GI91" failures="0" tests="4" name="Default test" time="22.993" errors="0" timestamp="2020-06-19T00:05:29 PDT">
  <testcase classname="framework.e2eproject.CreateAccountShareWishlist" name="creatingAccountAndSharingWishList" time="4.829"/>
  <testcase classname="framework.e2eproject.CreateAccountShareWishlist" name="verifyPurchaseUsingRegisteredEmail" time="3.736"/>
  <testcase classname="framework.e2eproject.CreateAccountShareWishlist" name="verifySavePreviouslyPlacedOrder" time="3.51"/>
  <testcase classname="framework.e2eproject.CreateAccountShareWishlist" name="verifyReOrderProduct" time="4.217"/>
</testsuite> <!-- Default test -->
