<?xml version="1.0" encoding="UTF-8"?>
<!-- Generated by org.testng.reporters.JUnitXMLReporter -->
<testsuite ignored="0" hostname="LAPTOP-EDS2GI91" failures="0" tests="6" name="CompareMobile" time="14.783" errors="0" timestamp="2020-06-16T23:37:15 PDT">
  <testcase classname="framework.e2eproject.MobilePageSorting" name="validateMobileSorting" time="4.206"/>
  <testcase classname="framework.e2eproject.HomePage" name="basePageNavigation" time="5.939"/>
  <testcase classname="framework.e2eproject.HomePage" name="basePageNavigation" time="3.921"/>
  <testcase classname="framework.e2eproject.ValidateCostofProduct" name="validateCostofProduct" time="4.595"/>
  <testcase classname="framework.e2eproject.VerifyErrorMessageCart" name="verifyErrorMsgCart" time="7.462"/>
  <testcase classname="framework.e2eproject.CompareMobile" name="compareMobile" time="6.216"/>
</testsuite> <!-- CompareMobile -->
