<?xml version="1.0" encoding="UTF-8"?>
<!-- Generated by org.testng.reporters.JUnitXMLReporter -->
<testsuite ignored="0" hostname="LAPTOP-EDS2GI91" failures="0" tests="9" name="CreateAccountShareWishlist" time="26.23" errors="0" timestamp="2020-06-17T22:41:46 PDT">
  <testcase classname="framework.e2eproject.MobilePageSorting" name="validateMobileSorting" time="3.629"/>
  <testcase classname="framework.e2eproject.ValidateCostofProduct" name="validateCostofProduct" time="5.436"/>
  <testcase classname="framework.e2eproject.HomePage" name="basePageNavigation" time="8.117"/>
  <testcase classname="framework.e2eproject.HomePage" name="basePageNavigation" time="3.693"/>
  <testcase classname="framework.e2eproject.CompareMobile" name="compareMobile" time="5.887"/>
  <testcase classname="framework.e2eproject.VerifyErrorMessageCart" name="verifyErrorMsgCart" time="6.489"/>
  <testcase classname="framework.e2eproject.CreateAccountShareWishlist" name="creatingAccountAndSharingWishList" time="8.344"/>
  <testcase classname="framework.e2eproject.CreateAccountShareWishlist" name="verifyPurchaseUsingRegisteredEmail" time="5.305"/>
  <testcase classname="framework.e2eproject.CreateAccountShareWishlist" name="verifySavePreviouslyPlacedOrder" time="4.664"/>
</testsuite> <!-- CreateAccountShareWishlist -->
