<?xml version="1.0" encoding="UTF-8"?>
<!-- Generated by org.testng.reporters.JUnitXMLReporter -->
<testsuite ignored="0" hostname="LAPTOP-EDS2GI91" failures="0" tests="4" name="Test" time="23.776" errors="0" timestamp="2020-06-12T15:48:27 PDT">
  <testcase classname="framework.e2eproject.ValidateHeader" name="validateHeader" time="0.146"/>
  <testcase classname="framework.e2eproject.HomePage" name="basePageNavigation" time="2.27"/>
  <testcase classname="framework.e2eproject.HomePage" name="basePageNavigation" time="1.457"/>
  <testcase classname="framework.e2eproject.ValidateWelcomeMsg" name="validateWelcomeMsg" time="0.134"/>
</testsuite> <!-- Test -->
