<?xml version="1.0" encoding="UTF-8"?>
<!-- Generated by org.testng.reporters.JUnitXMLReporter -->
<testsuite ignored="0" hostname="LAPTOP-EDS2GI91" failures="0" tests="2" name="ValidateCostofProduct" time="15.801" errors="0" timestamp="2020-06-19T00:09:11 PDT">
  <testcase classname="framework.e2eproject.HomePage" name="basePageNavigation" time="6.46"/>
  <testcase classname="framework.e2eproject.ValidateCostofProduct" name="validateCostofProduct" time="6.747"/>
</testsuite> <!-- ValidateCostofProduct -->
