<?xml version="1.0" encoding="UTF-8"?>
<!-- Generated by org.testng.reporters.JUnitXMLReporter -->
<testsuite ignored="0" hostname="LAPTOP-EDS2GI91" failures="0" tests="4" name="ValidateHeader" time="9.852" errors="0" timestamp="2020-06-17T22:41:19 PDT">
  <testcase classname="framework.e2eproject.ValidateHeader" name="validateHeader" time="0.213"/>
  <testcase classname="framework.e2eproject.ValidateWelcomeMsg" name="validateWelcomeMsg" time="0.136"/>
  <testcase classname="framework.e2eproject.ValidateWelcomeMsg" name="validateIconOnPage" time="0.324"/>
  <testcase classname="framework.e2eproject.ValidateWelcomeMsg" name="validatePayPal" time="1.272"/>
</testsuite> <!-- ValidateHeader -->
