<?xml version="1.0" encoding="UTF-8"?>
<!-- Generated by org.testng.reporters.JUnitXMLReporter -->
<testsuite ignored="0" hostname="LAPTOP-EDS2GI91" failures="0" tests="4" name="ValidateWelcomeMsg" time="10.07" errors="0" timestamp="2020-06-16T23:36:57 PDT">
  <testcase classname="framework.e2eproject.ValidateWelcomeMsg" name="validateWelcomeMsg" time="0.163"/>
  <testcase classname="framework.e2eproject.ValidateHeader" name="validateHeader" time="0.215"/>
  <testcase classname="framework.e2eproject.ValidateWelcomeMsg" name="validateIconOnPage" time="0.126"/>
  <testcase classname="framework.e2eproject.ValidateWelcomeMsg" name="validatePayPal" time="0.1"/>
</testsuite> <!-- ValidateWelcomeMsg -->
