<?xml version="1.0" encoding="UTF-8"?>
<!-- Generated by org.testng.reporters.JUnitXMLReporter -->
<testsuite ignored="0" hostname="LAPTOP-EDS2GI91" failures="0" tests="5" name="VerifyErrorMessageCart" time="12.04" errors="0" timestamp="2020-06-19T00:09:18 PDT">
  <testcase classname="framework.e2eproject.MobilePageSorting" name="validateMobileSorting" time="5.0"/>
  <testcase classname="framework.e2eproject.HomePage" name="basePageNavigation" time="6.46"/>
  <testcase classname="framework.e2eproject.ValidateCostofProduct" name="validateCostofProduct" time="6.747"/>
  <testcase classname="framework.e2eproject.HomePage" name="basePageNavigation" time="2.843"/>
  <testcase classname="framework.e2eproject.VerifyErrorMessageCart" name="verifyErrorMsgCart" time="3.757"/>
</testsuite> <!-- VerifyErrorMessageCart -->
