<?xml version="1.0" encoding="UTF-8"?>
<!-- Generated by org.testng.reporters.JUnitXMLReporter -->
<testsuite ignored="0" hostname="LAPTOP-EDS2GI91" failures="0" tests="10" name="CompareMobile" time="15.155" errors="0" timestamp="2020-06-16T23:39:28 PDT">
  <testcase classname="framework.e2eproject.ValidateWelcomeMsg" name="validateWelcomeMsg" time="0.097"/>
  <testcase classname="framework.e2eproject.ValidateHeader" name="validateHeader" time="0.125"/>
  <testcase classname="framework.e2eproject.ValidateWelcomeMsg" name="validateIconOnPage" time="0.159"/>
  <testcase classname="framework.e2eproject.ValidateWelcomeMsg" name="validatePayPal" time="0.166"/>
  <testcase classname="framework.e2eproject.MobilePageSorting" name="validateMobileSorting" time="1.972"/>
  <testcase classname="framework.e2eproject.HomePage" name="basePageNavigation" time="4.324"/>
  <testcase classname="framework.e2eproject.HomePage" name="basePageNavigation" time="4.536"/>
  <testcase classname="framework.e2eproject.ValidateCostofProduct" name="validateCostofProduct" time="4.438"/>
  <testcase classname="framework.e2eproject.VerifyErrorMessageCart" name="verifyErrorMsgCart" time="5.18"/>
  <testcase classname="framework.e2eproject.CompareMobile" name="compareMobile" time="6.601"/>
</testsuite> <!-- CompareMobile -->
