<?xml version="1.0" encoding="UTF-8"?>
<!-- Generated by org.testng.reporters.JUnitXMLReporter -->
<testsuite ignored="0" hostname="LAPTOP-EDS2GI91" failures="0" tests="13" name="CreateAccountShareWishlist" time="28.281" errors="0" timestamp="2020-06-17T22:48:04 PDT">
  <testcase classname="framework.e2eproject.ValidateWelcomeMsg" name="validateWelcomeMsg" time="0.148"/>
  <testcase classname="framework.e2eproject.ValidateHeader" name="validateHeader" time="0.386"/>
  <testcase classname="framework.e2eproject.ValidateWelcomeMsg" name="validateIconOnPage" time="0.535"/>
  <testcase classname="framework.e2eproject.ValidateWelcomeMsg" name="validatePayPal" time="3.098"/>
  <testcase classname="framework.e2eproject.MobilePageSorting" name="validateMobileSorting" time="8.715"/>
  <testcase classname="framework.e2eproject.ValidateCostofProduct" name="validateCostofProduct" time="9.161"/>
  <testcase classname="framework.e2eproject.HomePage" name="basePageNavigation" time="10.16"/>
  <testcase classname="framework.e2eproject.HomePage" name="basePageNavigation" time="3.715"/>
  <testcase classname="framework.e2eproject.VerifyErrorMessageCart" name="verifyErrorMsgCart" time="5.383"/>
  <testcase classname="framework.e2eproject.CompareMobile" name="compareMobile" time="5.463"/>
  <testcase classname="framework.e2eproject.CreateAccountShareWishlist" name="creatingAccountAndSharingWishList" time="6.781"/>
  <testcase classname="framework.e2eproject.CreateAccountShareWishlist" name="verifyPurchaseUsingRegisteredEmail" time="7.761"/>
  <testcase classname="framework.e2eproject.CreateAccountShareWishlist" name="verifySavePreviouslyPlacedOrder" time="5.119"/>
</testsuite> <!-- CreateAccountShareWishlist -->
