<?xml version="1.0" encoding="UTF-8"?>
<!-- Generated by org.testng.reporters.JUnitXMLReporter -->
<testsuite ignored="0" hostname="LAPTOP-EDS2GI91" failures="0" tests="5" name="MobilePageSorting" time="13.314" errors="0" timestamp="2020-06-19T00:11:21 PDT">
  <testcase classname="framework.e2eproject.ValidateWelcomeMsg" name="validateWelcomeMsg" time="0.089"/>
  <testcase classname="framework.e2eproject.ValidateWelcomeMsg" name="validateIconOnPage" time="0.206"/>
  <testcase classname="framework.e2eproject.ValidateWelcomeMsg" name="validatePayPal" time="0.07"/>
  <testcase classname="framework.e2eproject.ValidateHeader" name="validateHeader" time="0.486"/>
  <testcase classname="framework.e2eproject.MobilePageSorting" name="validateMobileSorting" time="4.989"/>
</testsuite> <!-- MobilePageSorting -->
