<?xml version="1.0" encoding="UTF-8"?>
<!-- Generated by org.testng.reporters.JUnitXMLReporter -->
<testsuite ignored="0" hostname="LAPTOP-EDS2GI91" failures="0" tests="4" name="Test" time="23.602" errors="0" timestamp="2020-06-12T15:44:07 PDT">
  <testcase classname="framework.e2eproject.ValidateHeader" name="validateHeader" time="0.112"/>
  <testcase classname="framework.e2eproject.HomePage" name="basePageNavigation" time="2.233"/>
  <testcase classname="framework.e2eproject.HomePage" name="basePageNavigation" time="2.864"/>
  <testcase classname="framework.e2eproject.ValidateWelcomeMsg" name="validateWelcomeMsg" time="0.051"/>
</testsuite> <!-- Test -->
