<?xml version="1.0" encoding="UTF-8"?>
<!-- Generated by org.testng.reporters.JUnitXMLReporter -->
<testsuite ignored="0" hostname="LAPTOP-EDS2GI91" failures="0" tests="4" name="ValidateWelcomeMsg" time="13.716" errors="0" timestamp="2020-06-17T22:47:31 PDT">
  <testcase classname="framework.e2eproject.ValidateWelcomeMsg" name="validateWelcomeMsg" time="0.148"/>
  <testcase classname="framework.e2eproject.ValidateHeader" name="validateHeader" time="0.386"/>
  <testcase classname="framework.e2eproject.ValidateWelcomeMsg" name="validateIconOnPage" time="0.535"/>
  <testcase classname="framework.e2eproject.ValidateWelcomeMsg" name="validatePayPal" time="3.098"/>
</testsuite> <!-- ValidateWelcomeMsg -->
