<?xml version="1.0" encoding="UTF-8"?>
<!-- Generated by org.testng.reporters.JUnitXMLReporter -->
<testsuite ignored="0" hostname="LAPTOP-EDS2GI91" failures="0" tests="9" name="VerifyErrorMessageCart" time="33.971" errors="0" timestamp="2020-06-19T00:11:51 PDT">
  <testcase classname="framework.e2eproject.ValidateWelcomeMsg" name="validateWelcomeMsg" time="0.089"/>
  <testcase classname="framework.e2eproject.ValidateWelcomeMsg" name="validateIconOnPage" time="0.206"/>
  <testcase classname="framework.e2eproject.ValidateWelcomeMsg" name="validatePayPal" time="0.07"/>
  <testcase classname="framework.e2eproject.ValidateHeader" name="validateHeader" time="0.486"/>
  <testcase classname="framework.e2eproject.MobilePageSorting" name="validateMobileSorting" time="4.989"/>
  <testcase classname="framework.e2eproject.ValidateCostofProduct" name="validateCostofProduct" time="6.072"/>
  <testcase classname="framework.e2eproject.HomePage" name="basePageNavigation" time="6.056"/>
  <testcase classname="framework.e2eproject.HomePage" name="basePageNavigation" time="2.887"/>
  <testcase classname="framework.e2eproject.VerifyErrorMessageCart" name="verifyErrorMsgCart" time="25.683"/>
</testsuite> <!-- VerifyErrorMessageCart -->
