<?xml version="1.0" encoding="UTF-8"?>
<testng-results ignored="0" total="4" passed="4" failed="0" skipped="0">
  <reporter-output>
  </reporter-output>
  <suite started-at="2020-06-17T22:41:07 PDT" name="Suite" finished-at="2020-06-17T22:41:46 PDT" duration-ms="38850">
    <groups>
    </groups>
    <test started-at="2020-06-17T22:41:07 PDT" name="ValidateHeader" finished-at="2020-06-17T22:41:17 PDT" duration-ms="9852">
      <class name="framework.e2eproject.ValidateHeader">
        <test-method is-config="true" signature="initializeBrowser()[pri:0, instance:framework.e2eproject.ValidateHeader@64a8c844]" started-at="2020-06-17T22:41:07 PDT" name="initializeBrowser" finished-at="2020-06-17T22:41:15 PDT" duration-ms="7985" status="PASS">
          <reporter-output>
          </reporter-output>
        </test-method> <!-- initializeBrowser -->
        <test-method signature="validateHeader()[pri:0, instance:framework.e2eproject.ValidateHeader@64a8c844]" started-at="2020-06-17T22:41:15 PDT" name="validateHeader" finished-at="2020-06-17T22:41:16 PDT" duration-ms="213" status="PASS">
          <reporter-output>
          </reporter-output>
        </test-method> <!-- validateHeader -->
        <test-method is-config="true" signature="quittingBrowser()[pri:0, instance:framework.e2eproject.ValidateHeader@64a8c844]" started-at="2020-06-17T22:41:16 PDT" name="quittingBrowser" finished-at="2020-06-17T22:41:17 PDT" duration-ms="1614" status="PASS">
          <reporter-output>
          </reporter-output>
        </test-method> <!-- quittingBrowser -->
      </class> <!-- framework.e2eproject.ValidateHeader -->
    </test> <!-- ValidateHeader -->
    <test started-at="2020-06-17T22:41:20 PDT" name="CreateAccountShareWishlist" finished-at="2020-06-17T22:41:46 PDT" duration-ms="26230">
      <class name="framework.e2eproject.CreateAccountShareWishlist">
        <test-method is-config="true" signature="initializeBrowser()[pri:0, instance:framework.e2eproject.CreateAccountShareWishlist@476b0ae6]" started-at="2020-06-17T22:41:20 PDT" name="initializeBrowser" finished-at="2020-06-17T22:41:28 PDT" duration-ms="7910" status="PASS">
          <reporter-output>
          </reporter-output>
        </test-method> <!-- initializeBrowser -->
        <test-method signature="creatingAccountAndSharingWishList()[pri:0, instance:framework.e2eproject.CreateAccountShareWishlist@476b0ae6]" started-at="2020-06-17T22:41:28 PDT" name="creatingAccountAndSharingWishList" finished-at="2020-06-17T22:41:36 PDT" duration-ms="8344" status="PASS">
          <reporter-output>
          </reporter-output>
        </test-method> <!-- creatingAccountAndSharingWishList -->
        <test-method signature="verifyPurchaseUsingRegisteredEmail()[pri:0, instance:framework.e2eproject.CreateAccountShareWishlist@476b0ae6]" started-at="2020-06-17T22:41:36 PDT" name="verifyPurchaseUsingRegisteredEmail" finished-at="2020-06-17T22:41:42 PDT" duration-ms="5305" status="PASS">
          <reporter-output>
          </reporter-output>
        </test-method> <!-- verifyPurchaseUsingRegisteredEmail -->
        <test-method signature="verifySavePreviouslyPlacedOrder()[pri:0, instance:framework.e2eproject.CreateAccountShareWishlist@476b0ae6]" started-at="2020-06-17T22:41:42 PDT" name="verifySavePreviouslyPlacedOrder" finished-at="2020-06-17T22:41:46 PDT" duration-ms="4664" status="PASS">
          <reporter-output>
          </reporter-output>
        </test-method> <!-- verifySavePreviouslyPlacedOrder -->
        <test-method is-config="true" signature="quittingBrowser()[pri:0, instance:framework.e2eproject.CreateAccountShareWishlist@476b0ae6]" started-at="2020-06-17T22:41:46 PDT" name="quittingBrowser" finished-at="2020-06-17T22:41:46 PDT" duration-ms="1" status="PASS">
          <reporter-output>
          </reporter-output>
        </test-method> <!-- quittingBrowser -->
      </class> <!-- framework.e2eproject.CreateAccountShareWishlist -->
    </test> <!-- CreateAccountShareWishlist -->
  </suite> <!-- Suite -->
</testng-results>
