<?xml version="1.0" encoding="UTF-8"?>
<testng-results ignored="0" total="7" passed="7" failed="0" skipped="0">
  <reporter-output>
  </reporter-output>
  <suite started-at="2020-06-19T00:08:55 PDT" name="Suite" finished-at="2020-06-19T00:09:34 PDT" duration-ms="38695">
    <groups>
    </groups>
    <test started-at="2020-06-19T00:08:55 PDT" name="ValidateWelcomeMsg" finished-at="2020-06-19T00:09:05 PDT" duration-ms="10471">
      <class name="framework.e2eproject.ValidateWelcomeMsg">
        <test-method is-config="true" signature="initializeBrowser()[pri:0, instance:framework.e2eproject.ValidateWelcomeMsg@5d1659ea]" started-at="2020-06-19T00:08:55 PDT" name="initializeBrowser" finished-at="2020-06-19T00:09:03 PDT" duration-ms="7672" status="PASS">
          <reporter-output>
          </reporter-output>
        </test-method> <!-- initializeBrowser -->
        <test-method signature="validateWelcomeMsg()[pri:0, instance:framework.e2eproject.ValidateWelcomeMsg@5d1659ea]" started-at="2020-06-19T00:09:03 PDT" name="validateWelcomeMsg" finished-at="2020-06-19T00:09:03 PDT" duration-ms="367" status="PASS">
          <reporter-output>
          </reporter-output>
        </test-method> <!-- validateWelcomeMsg -->
        <test-method signature="validateIconOnPage()[pri:0, instance:framework.e2eproject.ValidateWelcomeMsg@5d1659ea]" started-at="2020-06-19T00:09:03 PDT" name="validateIconOnPage" finished-at="2020-06-19T00:09:04 PDT" depends-on-methods="framework.e2eproject.ValidateWelcomeMsg.validateWelcomeMsg" duration-ms="1129" status="PASS">
          <reporter-output>
          </reporter-output>
        </test-method> <!-- validateIconOnPage -->
        <test-method signature="validatePayPal()[pri:0, instance:framework.e2eproject.ValidateWelcomeMsg@5d1659ea]" started-at="2020-06-19T00:09:04 PDT" name="validatePayPal" finished-at="2020-06-19T00:09:04 PDT" depends-on-methods="framework.e2eproject.ValidateWelcomeMsg.validateWelcomeMsg" duration-ms="91" status="PASS">
          <reporter-output>
          </reporter-output>
        </test-method> <!-- validatePayPal -->
        <test-method is-config="true" signature="quittingBrowser()[pri:0, instance:framework.e2eproject.ValidateWelcomeMsg@5d1659ea]" started-at="2020-06-19T00:09:04 PDT" name="quittingBrowser" finished-at="2020-06-19T00:09:05 PDT" duration-ms="1153" status="PASS">
          <reporter-output>
          </reporter-output>
        </test-method> <!-- quittingBrowser -->
      </class> <!-- framework.e2eproject.ValidateWelcomeMsg -->
    </test> <!-- ValidateWelcomeMsg -->
    <test started-at="2020-06-19T00:09:09 PDT" name="CreateAccountShareWishlist" finished-at="2020-06-19T00:09:34 PDT" duration-ms="24469">
      <class name="framework.e2eproject.CreateAccountShareWishlist">
        <test-method is-config="true" signature="initializeBrowser()[pri:0, instance:framework.e2eproject.CreateAccountShareWishlist@1c6804cd]" started-at="2020-06-19T00:09:09 PDT" name="initializeBrowser" finished-at="2020-06-19T00:09:16 PDT" duration-ms="6742" status="PASS">
          <reporter-output>
          </reporter-output>
        </test-method> <!-- initializeBrowser -->
        <test-method signature="creatingAccountAndSharingWishList()[pri:1, instance:framework.e2eproject.CreateAccountShareWishlist@1c6804cd]" started-at="2020-06-19T00:09:16 PDT" name="creatingAccountAndSharingWishList" finished-at="2020-06-19T00:09:22 PDT" duration-ms="5781" status="PASS">
          <reporter-output>
          </reporter-output>
        </test-method> <!-- creatingAccountAndSharingWishList -->
        <test-method signature="verifyPurchaseUsingRegisteredEmail()[pri:2, instance:framework.e2eproject.CreateAccountShareWishlist@1c6804cd]" started-at="2020-06-19T00:09:22 PDT" name="verifyPurchaseUsingRegisteredEmail" finished-at="2020-06-19T00:09:25 PDT" duration-ms="3496" status="PASS">
          <reporter-output>
          </reporter-output>
        </test-method> <!-- verifyPurchaseUsingRegisteredEmail -->
        <test-method signature="verifySavePreviouslyPlacedOrder()[pri:3, instance:framework.e2eproject.CreateAccountShareWishlist@1c6804cd]" started-at="2020-06-19T00:09:25 PDT" name="verifySavePreviouslyPlacedOrder" finished-at="2020-06-19T00:09:29 PDT" duration-ms="3438" status="PASS">
          <reporter-output>
          </reporter-output>
        </test-method> <!-- verifySavePreviouslyPlacedOrder -->
        <test-method signature="verifyReOrderProduct()[pri:4, instance:framework.e2eproject.CreateAccountShareWishlist@1c6804cd]" started-at="2020-06-19T00:09:29 PDT" name="verifyReOrderProduct" finished-at="2020-06-19T00:09:33 PDT" duration-ms="4103" status="PASS">
          <reporter-output>
          </reporter-output>
        </test-method> <!-- verifyReOrderProduct -->
        <test-method is-config="true" signature="quittingBrowser()[pri:0, instance:framework.e2eproject.CreateAccountShareWishlist@1c6804cd]" started-at="2020-06-19T00:09:33 PDT" name="quittingBrowser" finished-at="2020-06-19T00:09:34 PDT" duration-ms="901" status="PASS">
          <reporter-output>
          </reporter-output>
        </test-method> <!-- quittingBrowser -->
      </class> <!-- framework.e2eproject.CreateAccountShareWishlist -->
    </test> <!-- CreateAccountShareWishlist -->
  </suite> <!-- Suite -->
</testng-results>
